Cisco IOS Software, C800 Software (C800-UNIVERSALK9-M), Version 15.4(3)M1, RELEASE SOFTWARE (fc1)
Technical Support: http://www.cisco.com/techsupport
Copyright (c) 1986-2014 by Cisco Systems, Inc.
Compiled Sat 25-Oct-14 07:36 by prod_rel_team

ROM: System Bootstrap, Version 15.4(1r)T1, RELEASE SOFTWARE (fc1)

R1 uptime is 4 hours, 30 minutes
System returned to ROM by power-on
System image file is "flash:c800-universalk9-mz.SPA.154-3.M1.bin"
Last reload type: Normal Reload
Last reload reason: power-on



This product contains cryptographic features and is subject to United
States and local country laws governing import, export, transfer and
use. Delivery of Cisco cryptographic products does not imply
third-party authority to import, export, distribute or use encryption.
Importers, exporters, distributors and users are responsible for
compliance with U.S. and local country laws. By using this product you
agree to comply with applicable laws and regulations. If you are unable
to comply with U.S. and local laws, return this product immediately.

A summary of U.S. laws governing Cisco cryptographic products may be found at:
http://www.cisco.com/wwl/export/crypto/tool/stqrg.html

If you require further assistance please contact us by sending email to
export@cisco.com.

Cisco C891FJ-K9 (revision 1.0) with 488524K/35763K bytes of memory.
Processor board ID FGL211325HU
1 FastEthernet interface
9 Gigabit Ethernet interfaces
1 Serial interface
1 ISDN Basic Rate interface
1 terminal line
1 Virtual Private Network (VPN) Module
DRAM configuration is 32 bits wide
255K bytes of non-volatile configuration memory.
254976K bytes of ATA System CompactFlash (Read/Write)


License Info:

License UDI:

-------------------------------------------------
Device#	  PID			SN
-------------------------------------------------
*1  	  C891FJ-K9             FGL211325HU     



License Information for 'c800'
    License Level: advipservices   Type: Permanent
    Next reboot license Level: advipservices


Configuration register is 0x2102