Building configuration...

Current configuration : 1906 bytes
!
! Last configuration change at 11:42:32 UTC Tue Oct 22 2019 by cisco
!
version 15.4
service timestamps debug datetime msec
service timestamps log datetime msec
no service password-encryption
!
hostname R1
!
boot-start-marker
boot-end-marker
!
!
enable secret 5 $1$t3uO$g6tqw7d6bDrzemYelzutl.
!
no aaa new-model
!
!
!
!
!
!
!
!
!
!


!
!
!
!
ip domain name cisco.com
ip cef
no ipv6 cef
!
!
!
!
!
multilink bundle-name authenticated
!
!
!
!
!
!
!
!
cts logging verbose
license udi pid C891FJ-K9 sn FGL211325HU
!
!
username cisco secret 5 $1$pEAw$i3RWKQS9MTfz.yEYIgNaU/
!
!
!
!
!
ip ssh version 2
! 
!
!
!
!
!
!
!
!
!
!
interface BRI0
 no ip address
 encapsulation hdlc
 shutdown
 isdn termination multidrop
!
interface FastEthernet0
 no ip address
 shutdown
 duplex auto
 speed auto
!
interface GigabitEthernet0
 no ip address
!
interface GigabitEthernet1
 no ip address
!
interface GigabitEthernet2
 no ip address
!
interface GigabitEthernet3
 no ip address
!
interface GigabitEthernet4
 no ip address
!
interface GigabitEthernet5
 no ip address
!
interface GigabitEthernet6
 no ip address
!
interface GigabitEthernet7
 no ip address
!
interface GigabitEthernet8
 no ip address
 shutdown
 duplex auto
 speed auto
!
interface Vlan1
 ip address 192.168.0.254 255.255.255.0
!
interface Async3
 no ip address
 encapsulation slip
!
ip forward-protocol nd
no ip http server
no ip http secure-server
!
!
!
!
snmp-server community public RO RQ
snmp-server community secret RW
!
control-plane
!
!
mgcp behavior rsip-range tgcp-only
mgcp behavior comedia-role none
mgcp behavior comedia-check-media-src disable
mgcp behavior comedia-sdp-force disable
!
mgcp profile default
!
!
!
!
!
!
!
line con 0
 logging synchronous
 no modem enable
line aux 0
line 3
 modem InOut
 speed 115200
 flowcontrol hardware
line vty 0 4
 logging synchronous
 login local
 transport input ssh
!
scheduler allocate 20000 1000
!
!
!
end